2023-03-16 20:15:07.096 [main] DEBUG org.calculator.Calculator - We've just greeted the user!
2023-03-16 20:15:07.099 [main] INFO  org.calculator.Calculator - We've just greeted the user!
2023-03-16 20:15:07.100 [main] WARN  org.calculator.Calculator - We've just greeted the user!
2023-03-16 20:15:07.100 [main] ERROR org.calculator.Calculator - We've just greeted the user!
2023-03-16 20:15:07.100 [main] FATAL org.calculator.Calculator - We've just greeted the user!
2023-03-16 22:03:52.583 [main] INFO  org.calculator.Calculator - Starting the Calculator Application.
2023-03-16 22:03:52.590 [main] INFO  org.calculator.Calculator - Showing the operations to the user.
2023-03-16 22:04:04.791 [main] INFO  org.calculator.Calculator - User's choice is:1
2023-03-16 22:04:04.792 [main] INFO  org.calculator.Calculator - Using Square Root Function
2023-03-16 22:04:17.075 [main] INFO  org.calculator.Calculator - User's input for square root function: 345.0
2023-03-16 22:04:17.078 [main] INFO  org.calculator.Calculator - Calculating square root of 345.0.
2023-03-16 22:04:17.096 [main] INFO  org.calculator.Calculator - Answer: 345.0^0.5 = 18.57417562100671.
2023-03-16 22:04:17.103 [main] INFO  org.calculator.Calculator - Showing the operations to the user.
2023-03-16 22:04:19.761 [main] INFO  org.calculator.Calculator - User's choice is:2
2023-03-16 22:04:19.762 [main] INFO  org.calculator.Calculator - Using Factorial Function
2023-03-16 22:04:21.256 [main] INFO  org.calculator.Calculator - User's input for factorial function: 234.0
2023-03-16 22:04:21.258 [main] INFO  org.calculator.Calculator - Calculating factorial of 234.0.
2023-03-16 22:04:21.259 [main] INFO  org.calculator.Calculator - Answer: 234.0! = Infinity.
2023-03-16 22:04:21.261 [main] INFO  org.calculator.Calculator - Showing the operations to the user.
2023-03-16 22:04:23.244 [main] INFO  org.calculator.Calculator - User's choice is:3
2023-03-16 22:04:23.245 [main] INFO  org.calculator.Calculator - Using Natural Log Function
2023-03-16 22:04:24.350 [main] INFO  org.calculator.Calculator - User's input for natural log function: 235.0
2023-03-16 22:04:24.351 [main] INFO  org.calculator.Calculator - Calculating log(235.0).
2023-03-16 22:04:24.354 [main] INFO  org.calculator.Calculator - Answer: log(235.0) = 5.459585514144159.
2023-03-16 22:04:24.356 [main] INFO  org.calculator.Calculator - Showing the operations to the user.
2023-03-16 22:04:26.508 [main] INFO  org.calculator.Calculator - User's choice is:4
2023-03-16 22:04:26.509 [main] INFO  org.calculator.Calculator - Using Power Function
2023-03-16 22:04:27.697 [main] INFO  org.calculator.Calculator - User's input for number: 2.0
2023-03-16 22:04:28.334 [main] INFO  org.calculator.Calculator - User's input for power: 3.0
2023-03-16 22:04:28.336 [main] INFO  org.calculator.Calculator - Calculating 2.0^3.0.
2023-03-16 22:04:28.369 [main] INFO  org.calculator.Calculator - Answer: 2.0^3.0 = 8.0.
2023-03-16 22:04:28.383 [main] INFO  org.calculator.Calculator - Showing the operations to the user.
2023-03-16 22:04:30.522 [main] INFO  org.calculator.Calculator - User's choice is:1234
2023-03-16 22:04:30.523 [main] FATAL org.calculator.Calculator - User exiting the application.
